<?xml version="1.0" encoding="UTF-8" ?>
<testsuite failures="0" time="0.663" errors="0" skipped="0" tests="1" name="cn.shenyanchao.utils.test.PathUtilsTest">
  <properties>
    <property name="java.runtime.name" value="Java(TM) SE Runtime Environment"/>
    <property name="sun.boot.library.path" value="/home/shenyanchao/java/jdk1.6.0_35/jre/lib/amd64"/>
    <property name="java.vm.version" value="20.10-b01"/>
    <property name="java.vm.vendor" value="Sun Microsystems Inc."/>
    <property name="java.vendor.url" value="http://java.sun.com/"/>
    <property name="path.separator" value=":"/>
    <property name="guice.disable.misplaced.annotation.check" value="true"/>
    <property name="java.vm.name" value="Java HotSpot(TM) 64-Bit Server VM"/>
    <property name="file.encoding.pkg" value="sun.io"/>
    <property name="user.country" value="US"/>
    <property name="sun.java.launcher" value="SUN_STANDARD"/>
    <property name="sun.os.patch.level" value="unknown"/>
    <property name="java.vm.specification.name" value="Java Virtual Machine Specification"/>
    <property name="user.dir" value="/home/shenyanchao/IdeaProjects/ut-maven-plugin"/>
    <property name="java.runtime.version" value="1.6.0_35-b10"/>
    <property name="java.awt.graphicsenv" value="sun.awt.X11GraphicsEnvironment"/>
    <property name="java.endorsed.dirs" value="/home/shenyanchao/java/jdk1.6.0_35/jre/lib/endorsed"/>
    <property name="os.arch" value="amd64"/>
    <property name="java.io.tmpdir" value="/tmp"/>
    <property name="line.separator" value="
"/>
    <property name="java.vm.specification.vendor" value="Sun Microsystems Inc."/>
    <property name="os.name" value="Linux"/>
    <property name="classworlds.conf" value="/home/shenyanchao/software/apache-maven-3.0.4/bin/m2.conf"/>
    <property name="gpg.passphrase" value="12156"/>
    <property name="sun.jnu.encoding" value="UTF-8"/>
    <property name="java.library.path" value="/home/shenyanchao/java/jdk1.6.0_35/jre/lib/amd64/server:/home/shenyanchao/java/jdk1.6.0_35/jre/lib/amd64:/home/shenyanchao/java/jdk1.6.0_35/jre/../lib/amd64:/usr/java/packages/lib/amd64:/usr/lib64:/lib64:/lib:/usr/lib"/>
    <property name="java.specification.name" value="Java Platform API Specification"/>
    <property name="java.class.version" value="50.0"/>
    <property name="sun.management.compiler" value="HotSpot 64-Bit Tiered Compilers"/>
    <property name="maven.repo.local" value="/home/shenyanchao/mvn_repo"/>
    <property name="os.version" value="3.8.0-25-generic"/>
    <property name="user.home" value="/home/shenyanchao"/>
    <property name="user.timezone" value="Asia/Shanghai"/>
    <property name="java.awt.printerjob" value="sun.print.PSPrinterJob"/>
    <property name="java.specification.version" value="1.6"/>
    <property name="file.encoding" value="UTF-8"/>
    <property name="user.name" value="shenyanchao"/>
    <property name="java.class.path" value="/home/shenyanchao/software/apache-maven-3.0.4/boot/plexus-classworlds-2.4.jar"/>
    <property name="java.vm.specification.version" value="1.0"/>
    <property name="sun.arch.data.model" value="64"/>
    <property name="java.home" value="/home/shenyanchao/java/jdk1.6.0_35/jre"/>
    <property name="sun.java.command" value="org.codehaus.plexus.classworlds.launcher.Launcher -D maven.repo.local=/home/shenyanchao/mvn_repo -s /tmp/release-settings3373568269661768817.xml -D gpg.passphrase=12156 -P sign clean verify"/>
    <property name="java.specification.vendor" value="Sun Microsystems Inc."/>
    <property name="user.language" value="en"/>
    <property name="java.vm.info" value="mixed mode"/>
    <property name="java.version" value="1.6.0_35"/>
    <property name="java.ext.dirs" value="/home/shenyanchao/java/jdk1.6.0_35/jre/lib/ext:/usr/java/packages/lib/ext"/>
    <property name="securerandom.source" value="file:/dev/./urandom"/>
    <property name="sun.boot.class.path" value="/home/shenyanchao/java/jdk1.6.0_35/jre/lib/resources.jar:/home/shenyanchao/java/jdk1.6.0_35/jre/lib/rt.jar:/home/shenyanchao/java/jdk1.6.0_35/jre/lib/sunrsasign.jar:/home/shenyanchao/java/jdk1.6.0_35/jre/lib/jsse.jar:/home/shenyanchao/java/jdk1.6.0_35/jre/lib/jce.jar:/home/shenyanchao/java/jdk1.6.0_35/jre/lib/charsets.jar:/home/shenyanchao/java/jdk1.6.0_35/jre/lib/modules/jdk.boot.jar:/home/shenyanchao/java/jdk1.6.0_35/jre/classes"/>
    <property name="java.vendor" value="Sun Microsystems Inc."/>
    <property name="maven.home" value="/home/shenyanchao/software/apache-maven-3.0.4"/>
    <property name="file.separator" value="/"/>
    <property name="java.vendor.url.bug" value="http://java.sun.com/cgi-bin/bugreport.cgi"/>
    <property name="sun.cpu.endian" value="little"/>
    <property name="sun.io.unicode.encoding" value="UnicodeLittle"/>
    <property name="sun.desktop" value="gnome"/>
    <property name="sun.cpu.isalist" value=""/>
  </properties>
  <testcase time="0.017" classname="cn.shenyanchao.utils.test.PathUtilsTest" name="packageToPathTest"/>
</testsuite>